# JRE version: Java(TM) SE Runtime Environment (17.0.6+9) (build 17.0.6+9-LTS-190)
# Java VM: Java HotSpot(TM) 64-Bit Server VM (17.0.6+9-LTS-190, mixed mode, sharing, tiered, compressed oops, compressed class ptrs, g1 gc, bsd-amd64)
GC Precious Log:
 CPUs: 4 total, 4 available
 Memory: 8192M
 Large Page Support: Disabled
 NUMA Support: Disabled
 Compressed Oops: Enabled (Zero based)
 Heap Region Size: 1M
 Heap Min Capacity: 8M
 Heap Initial Capacity: 128M
 Heap Max Capacity: 2G
 Pre-touch: Disabled
 Parallel Workers: 4
 Concurrent Workers: 1
 Concurrent Refinement Workers: 4
 Periodic GC: Disabled
Heap:
 garbage-first heap   total 480256K, used 390740K [0x0000000780000000, 0x0000000800000000)
  region size 1024K, 187 young (191488K), 4 survivors (4096K)
 Metaspace       used 61403K, committed 61824K, reserved 1105920K
  class space    used 7740K, committed 7936K, reserved 1048576K
GC Heap History (20 events):
Event: 16.454 GC heap before
{Heap before GC invocations=24 (full 0):
 garbage-first heap   total 221184K, used 109953K [0x0000000780000000, 0x0000000800000000)
  region size 1024K, 4 young (4096K), 2 survivors (2048K)
 Metaspace       used 59458K, committed 59904K, reserved 1105920K
  class space    used 7566K, committed 7808K, reserved 1048576K
}
Event: 16.459 GC heap after
{Heap after GC invocations=25 (full 0):
 garbage-first heap   total 221184K, used 78218K [0x0000000780000000, 0x0000000800000000)
  region size 1024K, 2 young (2048K), 2 survivors (2048K)
 Metaspace       used 59458K, committed 59904K, reserved 1105920K
  class space    used 7566K, committed 7808K, reserved 1048576K
}
Event: 16.477 GC heap before
{Heap before GC invocations=25 (full 0):
 garbage-first heap   total 221184K, used 93578K [0x0000000780000000, 0x0000000800000000)
  region size 1024K, 4 young (4096K), 2 survivors (2048K)
 Metaspace       used 59458K, committed 59904K, reserved 1105920K
  class space    used 7566K, committed 7808K, reserved 1048576K
}
Event: 16.480 GC heap after
{Heap after GC invocations=26 (full 0):
 garbage-first heap   total 221184K, used 92343K [0x0000000780000000, 0x0000000800000000)
  region size 1024K, 2 young (2048K), 2 survivors (2048K)
 Metaspace       used 59458K, committed 59904K, reserved 1105920K
  class space    used 7566K, committed 7808K, reserved 1048576K
}
Event: 16.523 GC heap before
{Heap before GC invocations=26 (full 0):
 garbage-first heap   total 221184K, used 107703K [0x0000000780000000, 0x0000000800000000)
  region size 1024K, 4 young (4096K), 2 survivors (2048K)
 Metaspace       used 59463K, committed 59904K, reserved 1105920K
  class space    used 7566K, committed 7808K, reserved 1048576K
}
Event: 16.529 GC heap after
{Heap after GC invocations=27 (full 0):
 garbage-first heap   total 480256K, used 106787K [0x0000000780000000, 0x0000000800000000)
  region size 1024K, 2 young (2048K), 2 survivors (2048K)
 Metaspace       used 59463K, committed 59904K, reserved 1105920K
  class space    used 7566K, committed 7808K, reserved 1048576K
}
Event: 17.129 GC heap before
{Heap before GC invocations=27 (full 0):
 garbage-first heap   total 480256K, used 242979K [0x0000000780000000, 0x0000000800000000)
  region size 1024K, 30 young (30720K), 2 survivors (2048K)
 Metaspace       used 59504K, committed 59968K, reserved 1105920K
  class space    used 7566K, committed 7808K, reserved 1048576K
}
Event: 17.133 GC heap after
{Heap after GC invocations=28 (full 0):
 garbage-first heap   total 480256K, used 157132K [0x0000000780000000, 0x0000000800000000)
  region size 1024K, 2 young (2048K), 2 survivors (2048K)
 Metaspace       used 59504K, committed 59968K, reserved 1105920K
  class space    used 7566K, committed 7808K, reserved 1048576K
}
Event: 17.416 GC heap before
{Heap before GC invocations=28 (full 0):
 garbage-first heap   total 480256K, used 231884K [0x0000000780000000, 0x0000000800000000)
  region size 1024K, 18 young (18432K), 2 survivors (2048K)
 Metaspace       used 59542K, committed 60032K, reserved 1105920K
  class space    used 7566K, committed 7808K, reserved 1048576K
}
Event: 17.418 GC heap after
{Heap after GC invocations=29 (full 0):
 garbage-first heap   total 480256K, used 169630K [0x0000000780000000, 0x0000000800000000)
  region size 1024K, 2 young (2048K), 2 survivors (2048K)
 Metaspace       used 59542K, committed 60032K, reserved 1105920K
  class space    used 7566K, committed 7808K, reserved 1048576K
}
Event: 17.538 GC heap before
{Heap before GC invocations=29 (full 0):
 garbage-first heap   total 480256K, used 215710K [0x0000000780000000, 0x0000000800000000)
  region size 1024K, 12 young (12288K), 2 survivors (2048K)
 Metaspace       used 59583K, committed 60032K, reserved 1105920K
  class space    used 7566K, committed 7808K, reserved 1048576K
}
Event: 17.540 GC heap after
{Heap after GC invocations=30 (full 0):
 garbage-first heap   total 480256K, used 110483K [0x0000000780000000, 0x0000000800000000)
  region size 1024K, 2 young (2048K), 2 survivors (2048K)
 Metaspace       used 59583K, committed 60032K, reserved 1105920K
  class space    used 7566K, committed 7808K, reserved 1048576K
}
Event: 17.855 GC heap before
{Heap before GC invocations=30 (full 0):
 garbage-first heap   total 480256K, used 239507K [0x0000000780000000, 0x0000000800000000)
  region size 1024K, 25 young (25600K), 2 survivors (2048K)
 Metaspace       used 59596K, committed 60032K, reserved 1105920K
  class space    used 7566K, committed 7808K, reserved 1048576K
}
Event: 17.859 GC heap after
{Heap after GC invocations=31 (full 0):
 garbage-first heap   total 480256K, used 185225K [0x0000000780000000, 0x0000000800000000)
  region size 1024K, 2 young (2048K), 2 survivors (2048K)
 Metaspace       used 59596K, committed 60032K, reserved 1105920K
  class space    used 7566K, committed 7808K, reserved 1048576K
}
Event: 17.937 GC heap before
{Heap before GC invocations=31 (full 0):
 garbage-first heap   total 480256K, used 224137K [0x0000000780000000, 0x0000000800000000)
  region size 1024K, 12 young (12288K), 2 survivors (2048K)
 Metaspace       used 59604K, committed 60096K, reserved 1105920K
  class space    used 7566K, committed 7808K, reserved 1048576K
}
Event: 17.940 GC heap after
{Heap after GC invocations=32 (full 0):
 garbage-first heap   total 480256K, used 126855K [0x0000000780000000, 0x0000000800000000)
  region size 1024K, 3 young (3072K), 3 survivors (3072K)
 Metaspace       used 59604K, committed 60096K, reserved 1105920K
  class space    used 7566K, committed 7808K, reserved 1048576K
}
Event: 19.338 GC heap before
{Heap before GC invocations=32 (full 0):
 garbage-first heap   total 480256K, used 247687K [0x0000000780000000, 0x0000000800000000)
  region size 1024K, 41 young (41984K), 3 survivors (3072K)
 Metaspace       used 60497K, committed 61056K, reserved 1105920K
  class space    used 7665K, committed 7936K, reserved 1048576K
}
Event: 19.343 GC heap after
{Heap after GC invocations=33 (full 0):
 garbage-first heap   total 480256K, used 187644K [0x0000000780000000, 0x0000000800000000)
  region size 1024K, 4 young (4096K), 4 survivors (4096K)
 Metaspace       used 60497K, committed 61056K, reserved 1105920K
  class space    used 7665K, committed 7936K, reserved 1048576K
}
Event: 23.300 GC heap before
{Heap before GC invocations=33 (full 0):
 garbage-first heap   total 480256K, used 271612K [0x0000000780000000, 0x0000000800000000)
  region size 1024K, 57 young (58368K), 4 survivors (4096K)
 Metaspace       used 61297K, committed 61760K, reserved 1105920K
  class space    used 7733K, committed 7936K, reserved 1048576K
}
Event: 23.310 GC heap after
{Heap after GC invocations=34 (full 0):
 garbage-first heap   total 480256K, used 128596K [0x0000000780000000, 0x0000000800000000)
  region size 1024K, 4 young (4096K), 4 survivors (4096K)
 Metaspace       used 61297K, committed 61760K, reserved 1105920K
  class space    used 7733K, committed 7936K, reserved 1048576K
}

