# JRE version: Java(TM) SE Runtime Environment (17.0.6+9) (build 17.0.6+9-LTS-190)
# Java VM: Java HotSpot(TM) 64-Bit Server VM (17.0.6+9-LTS-190, mixed mode, sharing, tiered, compressed oops, compressed class ptrs, g1 gc, bsd-amd64)
GC Precious Log:
 CPUs: 4 total, 4 available
 Memory: 8192M
 Large Page Support: Disabled
 NUMA Support: Disabled
 Compressed Oops: Enabled (Zero based)
 Heap Region Size: 1M
 Heap Min Capacity: 8M
 Heap Initial Capacity: 128M
 Heap Max Capacity: 2G
 Pre-touch: Disabled
 Parallel Workers: 4
 Concurrent Workers: 1
 Concurrent Refinement Workers: 4
 Periodic GC: Disabled
Heap:
 garbage-first heap   total 552960K, used 119934K [0x0000000780000000, 0x0000000800000000)
  region size 1024K, 6 young (6144K), 4 survivors (4096K)
 Metaspace       used 61429K, committed 61824K, reserved 1105920K
  class space    used 7741K, committed 7936K, reserved 1048576K
GC Heap History (20 events):
Event: 14.111 GC heap before
{Heap before GC invocations=26 (full 0):
 garbage-first heap   total 249856K, used 162797K [0x0000000780000000, 0x0000000800000000)
  region size 1024K, 21 young (21504K), 1 survivors (1024K)
 Metaspace       used 59598K, committed 60032K, reserved 1105920K
  class space    used 7568K, committed 7808K, reserved 1048576K
}
Event: 14.112 GC heap after
{Heap after GC invocations=27 (full 0):
 garbage-first heap   total 249856K, used 77832K [0x0000000780000000, 0x0000000800000000)
  region size 1024K, 1 young (1024K), 1 survivors (1024K)
 Metaspace       used 59598K, committed 60032K, reserved 1105920K
  class space    used 7568K, committed 7808K, reserved 1048576K
}
Event: 14.119 GC heap before
{Heap before GC invocations=27 (full 0):
 garbage-first heap   total 249856K, used 108552K [0x0000000780000000, 0x0000000800000000)
  region size 1024K, 2 young (2048K), 1 survivors (1024K)
 Metaspace       used 59598K, committed 60032K, reserved 1105920K
  class space    used 7568K, committed 7808K, reserved 1048576K
}
Event: 14.121 GC heap after
{Heap after GC invocations=28 (full 0):
 garbage-first heap   total 249856K, used 97275K [0x0000000780000000, 0x0000000800000000)
  region size 1024K, 1 young (1024K), 1 survivors (1024K)
 Metaspace       used 59598K, committed 60032K, reserved 1105920K
  class space    used 7568K, committed 7808K, reserved 1048576K
}
Event: 14.142 GC heap before
{Heap before GC invocations=28 (full 0):
 garbage-first heap   total 249856K, used 112635K [0x0000000780000000, 0x0000000800000000)
  region size 1024K, 2 young (2048K), 1 survivors (1024K)
 Metaspace       used 59598K, committed 60032K, reserved 1105920K
  class space    used 7568K, committed 7808K, reserved 1048576K
}
Event: 14.144 GC heap after
{Heap after GC invocations=29 (full 0):
 garbage-first heap   total 249856K, used 112641K [0x0000000780000000, 0x0000000800000000)
  region size 1024K, 1 young (1024K), 1 survivors (1024K)
 Metaspace       used 59598K, committed 60032K, reserved 1105920K
  class space    used 7568K, committed 7808K, reserved 1048576K
}
Event: 14.264 GC heap before
{Heap before GC invocations=30 (full 0):
 garbage-first heap   total 276480K, used 165889K [0x0000000780000000, 0x0000000800000000)
  region size 1024K, 5 young (5120K), 1 survivors (1024K)
 Metaspace       used 59614K, committed 60096K, reserved 1105920K
  class space    used 7568K, committed 7808K, reserved 1048576K
}
Event: 14.267 GC heap after
{Heap after GC invocations=31 (full 0):
 garbage-first heap   total 276480K, used 132264K [0x0000000780000000, 0x0000000800000000)
  region size 1024K, 1 young (1024K), 1 survivors (1024K)
 Metaspace       used 59614K, committed 60096K, reserved 1105920K
  class space    used 7568K, committed 7808K, reserved 1048576K
}
Event: 14.374 GC heap before
{Heap before GC invocations=32 (full 0):
 garbage-first heap   total 276480K, used 158888K [0x0000000780000000, 0x0000000800000000)
  region size 1024K, 8 young (8192K), 1 survivors (1024K)
 Metaspace       used 59638K, committed 60160K, reserved 1105920K
  class space    used 7568K, committed 7808K, reserved 1048576K
}
Event: 14.376 GC heap after
{Heap after GC invocations=33 (full 0):
 garbage-first heap   total 276480K, used 87238K [0x0000000780000000, 0x0000000800000000)
  region size 1024K, 1 young (1024K), 1 survivors (1024K)
 Metaspace       used 59638K, committed 60160K, reserved 1105920K
  class space    used 7568K, committed 7808K, reserved 1048576K
}
Event: 14.475 GC heap before
{Heap before GC invocations=33 (full 0):
 garbage-first heap   total 276480K, used 131270K [0x0000000780000000, 0x0000000800000000)
  region size 1024K, 10 young (10240K), 1 survivors (1024K)
 Metaspace       used 59675K, committed 60160K, reserved 1105920K
  class space    used 7568K, committed 7808K, reserved 1048576K
}
Event: 14.481 GC heap after
{Heap after GC invocations=34 (full 0):
 garbage-first heap   total 552960K, used 106905K [0x0000000780000000, 0x0000000800000000)
  region size 1024K, 1 young (1024K), 1 survivors (1024K)
 Metaspace       used 59675K, committed 60160K, reserved 1105920K
  class space    used 7568K, committed 7808K, reserved 1048576K
}
Event: 14.797 GC heap before
{Heap before GC invocations=34 (full 0):
 garbage-first heap   total 552960K, used 275865K [0x0000000780000000, 0x0000000800000000)
  region size 1024K, 29 young (29696K), 1 survivors (1024K)
 Metaspace       used 59699K, committed 60224K, reserved 1105920K
  class space    used 7568K, committed 7808K, reserved 1048576K
}
Event: 14.799 GC heap after
{Heap after GC invocations=35 (full 0):
 garbage-first heap   total 552960K, used 220814K [0x0000000780000000, 0x0000000800000000)
  region size 1024K, 1 young (1024K), 1 survivors (1024K)
 Metaspace       used 59699K, committed 60224K, reserved 1105920K
  class space    used 7568K, committed 7808K, reserved 1048576K
}
Event: 14.878 GC heap before
{Heap before GC invocations=35 (full 0):
 garbage-first heap   total 552960K, used 255630K [0x0000000780000000, 0x0000000800000000)
  region size 1024K, 11 young (11264K), 1 survivors (1024K)
 Metaspace       used 59717K, committed 60224K, reserved 1105920K
  class space    used 7568K, committed 7808K, reserved 1048576K
}
Event: 14.880 GC heap after
{Heap after GC invocations=36 (full 0):
 garbage-first heap   total 552960K, used 127816K [0x0000000780000000, 0x0000000800000000)
  region size 1024K, 3 young (3072K), 3 survivors (3072K)
 Metaspace       used 59717K, committed 60224K, reserved 1105920K
  class space    used 7568K, committed 7808K, reserved 1048576K
}
Event: 20.022 GC heap before
{Heap before GC invocations=36 (full 0):
 garbage-first heap   total 552960K, used 360264K [0x0000000780000000, 0x0000000800000000)
  region size 1024K, 113 young (115712K), 3 survivors (3072K)
 Metaspace       used 61335K, committed 61760K, reserved 1105920K
  class space    used 7736K, committed 7936K, reserved 1048576K
}
Event: 20.030 GC heap after
{Heap after GC invocations=37 (full 0):
 garbage-first heap   total 552960K, used 204150K [0x0000000780000000, 0x0000000800000000)
  region size 1024K, 4 young (4096K), 4 survivors (4096K)
 Metaspace       used 61335K, committed 61760K, reserved 1105920K
  class space    used 7736K, committed 7936K, reserved 1048576K
}
Event: 20.920 GC heap before
{Heap before GC invocations=37 (full 0):
 garbage-first heap   total 552960K, used 389494K [0x0000000780000000, 0x0000000800000000)
  region size 1024K, 140 young (143360K), 4 survivors (4096K)
 Metaspace       used 61417K, committed 61824K, reserved 1105920K
  class space    used 7741K, committed 7936K, reserved 1048576K
}
Event: 20.931 GC heap after
{Heap after GC invocations=38 (full 0):
 garbage-first heap   total 552960K, used 116862K [0x0000000780000000, 0x0000000800000000)
  region size 1024K, 4 young (4096K), 4 survivors (4096K)
 Metaspace       used 61417K, committed 61824K, reserved 1105920K
  class space    used 7741K, committed 7936K, reserved 1048576K
}

